<?xml version="1.0" encoding="UTF-8"?>
<!-- Generated by org.testng.reporters.JUnitXMLReporter -->
<testsuite hostname="swamy-PC" name="Command line test" tests="1" failures="1" timestamp="26 Sep 2015 14:19:46 GMT" time="60.766" errors="0">
  <testcase name="BookElectrician" time="12.624" classname="Tests.TestBookElectrician">
    <failure type="org.openqa.selenium.InvalidSelectorException" message="The given selector //input(@class=&amp;apos;text-input ng-pristine ng-untouched ng-valid&amp;apos;)[0] is either invalid or does not result in a WebElement. The following error occurred:
InvalidSelectorError: Unable to locate an element with the xpath expression //input(@class=&amp;apos;text-input ng-pristine ng-untouched ng-valid&amp;apos;)[0] because of the following error:
SyntaxError: The expression is not a legal expression.
Command duration or timeout: 19 milliseconds
For documentation on this error, please visit: http://seleniumhq.org/exceptions/invalid_selector_exception.html
Build info: version: &amp;apos;2.47.1&amp;apos;, revision: &amp;apos;unknown&amp;apos;, time: &amp;apos;2015-07-30 11:02:44&amp;apos;
System info: host: &amp;apos;swamy-PC&amp;apos;, ip: &amp;apos;192.168.56.1&amp;apos;, os.name: &amp;apos;Windows 7&amp;apos;, os.arch: &amp;apos;x86&amp;apos;, os.version: &amp;apos;6.1&amp;apos;, java.version: &amp;apos;1.8.0_45&amp;apos;
Driver info: org.openqa.selenium.firefox.FirefoxDriver
Capabilities [{applicationCacheEnabled=true, rotatable=false, handlesAlerts=true, databaseEnabled=true, version=41.0, platform=WINDOWS, nativeEvents=false, acceptSslCerts=true, webStorageEnabled=true, locationContextEnabled=true, browserName=firefox, takesScreenshot=true, javascriptEnabled=true, cssSelectorsEnabled=true}]
Session ID: 48e9a65e-ebab-4f69-9676-33dd791522ef
*** Element info: {Using=xpath, value=//input(@class=&amp;apos;text-input ng-pristine ng-untouched ng-valid&amp;apos;)[0]}">
      <![CDATA[org.openqa.selenium.InvalidSelectorException: The given selector //input(@class='text-input ng-pristine ng-untouched ng-valid')[0] is either invalid or does not result in a WebElement. The following error occurred:
InvalidSelectorError: Unable to locate an element with the xpath expression //input(@class='text-input ng-pristine ng-untouched ng-valid')[0] because of the following error:
SyntaxError: The expression is not a legal expression.
Command duration or timeout: 19 milliseconds
For documentation on this error, please visit: http://seleniumhq.org/exceptions/invalid_selector_exception.html
Build info: version: '2.47.1', revision: 'unknown', time: '2015-07-30 11:02:44'
System info: host: 'swamy-PC', ip: '192.168.56.1', os.name: 'Windows 7', os.arch: 'x86', os.version: '6.1', java.version: '1.8.0_45'
Driver info: org.openqa.selenium.firefox.FirefoxDriver
Capabilities [{applicationCacheEnabled=true, rotatable=false, handlesAlerts=true, databaseEnabled=true, version=41.0, platform=WINDOWS, nativeEvents=false, acceptSslCerts=true, webStorageEnabled=true, locationContextEnabled=true, browserName=firefox, takesScreenshot=true, javascriptEnabled=true, cssSelectorsEnabled=true}]
Session ID: 48e9a65e-ebab-4f69-9676-33dd791522ef
*** Element info: {Using=xpath, value=//input(@class='text-input ng-pristine ng-untouched ng-valid')[0]}
	at org.openqa.selenium.remote.ErrorHandler.createThrowable(ErrorHandler.java:206)
	at org.openqa.selenium.remote.ErrorHandler.throwIfResponseFailed(ErrorHandler.java:158)
	at org.openqa.selenium.remote.RemoteWebDriver.execute(RemoteWebDriver.java:595)
	at org.openqa.selenium.remote.RemoteWebDriver.findElement(RemoteWebDriver.java:348)
	at org.openqa.selenium.remote.RemoteWebDriver.findElementByXPath(RemoteWebDriver.java:445)
	at org.openqa.selenium.By$ByXPath.findElement(By.java:358)
	at org.openqa.selenium.remote.RemoteWebDriver.findElement(RemoteWebDriver.java:340)
	at pages.LoElectricianServicePage.fillRequirments(LoElectricianServicePage.java:54)
	at Tests.TestBookElectrician.BookElectrician(TestBookElectrician.java:46)
Caused by: org.openqa.selenium.InvalidSelectorException: The given selector //input(@class='text-input ng-pristine ng-untouched ng-valid')[0] is either invalid or does not result in a WebElement. The following error occurred:
InvalidSelectorError: Unable to locate an element with the xpath expression //input(@class='text-input ng-pristine ng-untouched ng-valid')[0] because of the following error:
SyntaxError: The expression is not a legal expression.
For documentation on this error, please visit: http://seleniumhq.org/exceptions/invalid_selector_exception.html
Build info: version: '2.47.1', revision: 'unknown', time: '2015-07-30 11:02:44'
System info: host: 'swamy-PC', ip: '192.168.56.1', os.name: 'Windows 7', os.arch: 'x86', os.version: '6.1', java.version: '1.8.0_45'
Driver info: driver.version: unknown
	at <anonymous class>.FirefoxDriver.annotateInvalidSelectorError_(file:///C:/Windows/TEMP/anonymous3590357346121931825webdriver-profile/extensions/fxdriver@googlecode.com/components/driver-component.js:10641)
	at <anonymous class>.FirefoxDriver.prototype.findElementInternal_(file:///C:/Windows/TEMP/anonymous3590357346121931825webdriver-profile/extensions/fxdriver@googlecode.com/components/driver-component.js:10672)
	at <anonymous class>.FirefoxDriver.prototype.findElement(file:///C:/Windows/TEMP/anonymous3590357346121931825webdriver-profile/extensions/fxdriver@googlecode.com/components/driver-component.js:10676)
	at <anonymous class>.DelayedCommand.prototype.executeInternal_/h(file:///C:/Windows/TEMP/anonymous3590357346121931825webdriver-profile/extensions/fxdriver@googlecode.com/components/command-processor.js:12643)
	at <anonymous class>.DelayedCommand.prototype.executeInternal_(file:///C:/Windows/TEMP/anonymous3590357346121931825webdriver-profile/extensions/fxdriver@googlecode.com/components/command-processor.js:12648)
	at <anonymous class>.DelayedCommand.prototype.execute/<(file:///C:/Windows/TEMP/anonymous3590357346121931825webdriver-profile/extensions/fxdriver@googlecode.com/components/command-processor.js:12590)
... Removed 37 stack frames]]>
    </failure>
  </testcase> <!-- BookElectrician -->
</testsuite> <!-- Command line test -->
