<?xml version="1.0" encoding="UTF-8" ?>
<testsuite tests="1" failures="1" name="Tests.TestBookElectrician" time="12.637" errors="0" skipped="0">
  <properties>
[...]
</properties>
  <testcase classname="Tests.TestBookElectrician" name="BookElectrician" time="12.637">
    <failure message="The given selector //input(@class=&apos;text-input ng-pristine ng-untouched ng-valid&apos;)[0] is either invalid or does not result in a WebElement. The following error occurred:
InvalidSelectorError: Unable to locate an element with the xpath expression //input(@class=&apos;text-input ng-pristine ng-untouched ng-valid&apos;)[0] because of the following error:
SyntaxError: The expression is not a legal expression.
Command duration or timeout: 19 milliseconds
For documentation on this error, please visit: http://seleniumhq.org/exceptions/invalid_selector_exception.html
Build info: version: &apos;2.47.1&apos;, revision: &apos;unknown&apos;, time: &apos;2015-07-30 11:02:44&apos;
System info: host: &apos;swamy-PC&apos;, ip: &apos;192.168.56.1&apos;, os.name: &apos;Windows 7&apos;, os.arch: &apos;x86&apos;, os.version: &apos;6.1&apos;, java.version: &apos;1.8.0_45&apos;
Driver info: org.openqa.selenium.firefox.FirefoxDriver
Capabilities [{applicationCacheEnabled=true, rotatable=false, handlesAlerts=true, databaseEnabled=true, version=41.0, platform=WINDOWS, nativeEvents=false, acceptSslCerts=true, webStorageEnabled=true, locationContextEnabled=true, browserName=firefox, takesScreenshot=true, javascriptEnabled=true, cssSelectorsEnabled=true}]
Session ID: 48e9a65e-ebab-4f69-9676-33dd791522ef
*** Element info: {Using=xpath, value=//input(@class=&apos;text-input ng-pristine ng-untouched ng-valid&apos;)[0]}" type="org.openqa.selenium.InvalidSelectorException">org.openqa.selenium.InvalidSelectorException: The given selector //input(@class=&apos;text-input ng-pristine ng-untouched ng-valid&apos;)[0] is either invalid or does not result in a WebElement. The following error occurred:
InvalidSelectorError: Unable to locate an element with the xpath expression //input(@class=&apos;text-input ng-pristine ng-untouched ng-valid&apos;)[0] because of the following error:
SyntaxError: The expression is not a legal expression.
Command duration or timeout: 19 milliseconds
For documentation on this error, please visit: http://seleniumhq.org/exceptions/invalid_selector_exception.html
Build info: version: &apos;2.47.1&apos;, revision: &apos;unknown&apos;, time: &apos;2015-07-30 11:02:44&apos;
System info: host: &apos;swamy-PC&apos;, ip: &apos;192.168.56.1&apos;, os.name: &apos;Windows 7&apos;, os.arch: &apos;x86&apos;, os.version: &apos;6.1&apos;, java.version: &apos;1.8.0_45&apos;
Driver info: org.openqa.selenium.firefox.FirefoxDriver
Capabilities [{applicationCacheEnabled=true, rotatable=false, handlesAlerts=true, databaseEnabled=true, version=41.0, platform=WINDOWS, nativeEvents=false, acceptSslCerts=true, webStorageEnabled=true, locationContextEnabled=true, browserName=firefox, takesScreenshot=true, javascriptEnabled=true, cssSelectorsEnabled=true}]
Session ID: 48e9a65e-ebab-4f69-9676-33dd791522ef
*** Element info: {Using=xpath, value=//input(@class=&apos;text-input ng-pristine ng-untouched ng-valid&apos;)[0]}
	at sun.reflect.NativeConstructorAccessorImpl.newInstance0(Native Method)
	at sun.reflect.NativeConstructorAccessorImpl.newInstance(NativeConstructorAccessorImpl.java:62)
	at sun.reflect.DelegatingConstructorAccessorImpl.newInstance(DelegatingConstructorAccessorImpl.java:45)
	at java.lang.reflect.Constructor.newInstance(Constructor.java:422)
	at org.openqa.selenium.remote.ErrorHandler.createThrowable(ErrorHandler.java:206)
	at org.openqa.selenium.remote.ErrorHandler.throwIfResponseFailed(ErrorHandler.java:158)
	at org.openqa.selenium.remote.RemoteWebDriver.execute(RemoteWebDriver.java:595)
	at org.openqa.selenium.remote.RemoteWebDriver.findElement(RemoteWebDriver.java:348)
	at org.openqa.selenium.remote.RemoteWebDriver.findElementByXPath(RemoteWebDriver.java:445)
	at org.openqa.selenium.By$ByXPath.findElement(By.java:358)
	at org.openqa.selenium.remote.RemoteWebDriver.findElement(RemoteWebDriver.java:340)
	at pages.LoElectricianServicePage.fillRequirments(LoElectricianServicePage.java:54)
	at Tests.TestBookElectrician.BookElectrician(TestBookElectrician.java:46)
Caused by: org.openqa.selenium.InvalidSelectorException: The given selector //input(@class=&apos;text-input ng-pristine ng-untouched ng-valid&apos;)[0] is either invalid or does not result in a WebElement. The following error occurred:
InvalidSelectorError: Unable to locate an element with the xpath expression //input(@class=&apos;text-input ng-pristine ng-untouched ng-valid&apos;)[0] because of the following error:
SyntaxError: The expression is not a legal expression.
For documentation on this error, please visit: http://seleniumhq.org/exceptions/invalid_selector_exception.html
Build info: version: &apos;2.47.1&apos;, revision: &apos;unknown&apos;, time: &apos;2015-07-30 11:02:44&apos;
System info: host: &apos;swamy-PC&apos;, ip: &apos;192.168.56.1&apos;, os.name: &apos;Windows 7&apos;, os.arch: &apos;x86&apos;, os.version: &apos;6.1&apos;, java.version: &apos;1.8.0_45&apos;
Driver info: driver.version: unknown
	at &lt;anonymous class&gt;.FirefoxDriver.annotateInvalidSelectorError_(file:///C:/Windows/TEMP/anonymous3590357346121931825webdriver-profile/extensions/fxdriver@googlecode.com/components/driver-component.js:10641)
	at &lt;anonymous class&gt;.FirefoxDriver.prototype.findElementInternal_(file:///C:/Windows/TEMP/anonymous3590357346121931825webdriver-profile/extensions/fxdriver@googlecode.com/components/driver-component.js:10672)
	at &lt;anonymous class&gt;.FirefoxDriver.prototype.findElement(file:///C:/Windows/TEMP/anonymous3590357346121931825webdriver-profile/extensions/fxdriver@googlecode.com/components/driver-component.js:10676)
	at &lt;anonymous class&gt;.DelayedCommand.prototype.executeInternal_/h(file:///C:/Windows/TEMP/anonymous3590357346121931825webdriver-profile/extensions/fxdriver@googlecode.com/components/command-processor.js:12643)
	at &lt;anonymous class&gt;.DelayedCommand.prototype.executeInternal_(file:///C:/Windows/TEMP/anonymous3590357346121931825webdriver-profile/extensions/fxdriver@googlecode.com/components/command-processor.js:12648)
	at &lt;anonymous class&gt;.DelayedCommand.prototype.execute/&lt;(file:///C:/Windows/TEMP/anonymous3590357346121931825webdriver-profile/extensions/fxdriver@googlecode.com/components/command-processor.js:12590)
</failure>
    <system-out>Configuring TestNG with: org.apache.maven.surefire.testng.conf.TestNG652Configurator@ef4e59
</system-out>
  </testcase>
</testsuite>